Temp/gradleOut/launcher/build/intermediates/manifest_merge_blame_file/release/manifest-merger-blame-release-report.txt
1<?xml version="1.0" encoding="utf-8"?>
2<!-- GENERATED BY UNITY. REMOVE THIS COMMENT TO PREVENT OVERWRITING WHEN EXPORTING AGAIN -->
3<manifest xmlns:android="http://schemas.android.com/apk/res/android"
4    package="com.mindfulness.vr"
5    android:installLocation="auto"
6    android:versionCode="1"
7    android:versionName="0.1" >
8
9    <uses-sdk
10        android:minSdkVersion="25"
10-->src\main\AndroidManifest.xml
11        android:targetSdkVersion="28" />
11-->src\main\AndroidManifest.xml
12
13    <supports-screens
13-->src\main\AndroidManifest.xml:4:3-163
14        android:anyDensity="true"
14-->src\main\AndroidManifest.xml:4:135-160
15        android:largeScreens="true"
15-->src\main\AndroidManifest.xml:4:78-105
16        android:normalScreens="true"
16-->src\main\AndroidManifest.xml:4:49-77
17        android:smallScreens="true"
17-->src\main\AndroidManifest.xml:4:21-48
18        android:xlargeScreens="true" />
18-->src\main\AndroidManifest.xml:4:106-134
19
20    <uses-feature android:glEsVersion="0x00030000" />
20-->[:unityLibrary] AndroidManifest.xml:14:5-54
20-->[:unityLibrary] AndroidManifest.xml:14:19-51
21
22    <uses-permission android:name="android.permission.INTERNET" />
22-->[:unityLibrary] AndroidManifest.xml:16:5-67
22-->[:unityLibrary] AndroidManifest.xml:16:22-64
23    <uses-permission android:name="android.permission.RECORD_AUDIO" />
23-->[:unityLibrary] AndroidManifest.xml:17:5-71
23-->[:unityLibrary] AndroidManifest.xml:17:22-68
24    <uses-permission android:name="android.permission.MODIFY_AUDIO_SETTINGS" />
24-->[:unityLibrary] AndroidManifest.xml:18:5-80
24-->[:unityLibrary] AndroidManifest.xml:18:22-77
25    <uses-permission android:name="android.permission.BLUETOOTH" />
25-->[:unityLibrary] AndroidManifest.xml:19:5-68
25-->[:unityLibrary] AndroidManifest.xml:19:22-65
26
27    <uses-feature
27-->[:unityLibrary] AndroidManifest.xml:21:5-23:36
28        android:name="android.hardware.microphone"
28-->[:unityLibrary] AndroidManifest.xml:22:9-51
29        android:required="false" />
29-->[:unityLibrary] AndroidManifest.xml:23:9-33
30
31    <uses-permission android:name="android.permission.WRITE_EXTERNAL_STORAGE" />
31-->[:unityLibrary] AndroidManifest.xml:25:5-81
31-->[:unityLibrary] AndroidManifest.xml:25:22-78
32
33    <uses-feature
33-->[:unityLibrary] AndroidManifest.xml:27:5-29:36
34        android:name="android.hardware.touchscreen"
34-->[:unityLibrary] AndroidManifest.xml:28:9-52
35        android:required="false" />
35-->[:unityLibrary] AndroidManifest.xml:29:9-33
36    <uses-feature
36-->[:unityLibrary] AndroidManifest.xml:30:5-32:36
37        android:name="android.hardware.touchscreen.multitouch"
37-->[:unityLibrary] AndroidManifest.xml:31:9-63
38        android:required="false" />
38-->[:unityLibrary] AndroidManifest.xml:32:9-33
39    <uses-feature
39-->[:unityLibrary] AndroidManifest.xml:33:5-35:36
40        android:name="android.hardware.touchscreen.multitouch.distinct"
40-->[:unityLibrary] AndroidManifest.xml:34:9-72
41        android:required="false" />
41-->[:unityLibrary] AndroidManifest.xml:35:9-33
42    <uses-feature
42-->[:unityLibrary] AndroidManifest.xml:36:5-39:31
43        android:name="android.hardware.vr.headtracking"
43-->[:unityLibrary] AndroidManifest.xml:37:9-56
44        android:required="true"
44-->[:unityLibrary] AndroidManifest.xml:38:9-32
45        android:version="1" />
45-->[:unityLibrary] AndroidManifest.xml:39:9-28
46
47    <uses-permission android:name="android.permission.ACCESS_NETWORK_STATE" />
47-->[:geckoview-armeabi-v7a-80.0.20200818235255:] AndroidManifest.xml:16:5-79
47-->[:geckoview-armeabi-v7a-80.0.20200818235255:] AndroidManifest.xml:16:22-76
48    <uses-permission android:name="android.permission.WAKE_LOCK" />
48-->[:geckoview-armeabi-v7a-80.0.20200818235255:] AndroidManifest.xml:18:5-68
48-->[:geckoview-armeabi-v7a-80.0.20200818235255:] AndroidManifest.xml:18:22-65
49
50    <uses-feature
50-->[:geckoview-armeabi-v7a-80.0.20200818235255:] AndroidManifest.xml:21:5-23:36
51        android:name="android.hardware.location"
51-->[:geckoview-armeabi-v7a-80.0.20200818235255:] AndroidManifest.xml:22:9-49
52        android:required="false" />
52-->[:geckoview-armeabi-v7a-80.0.20200818235255:] AndroidManifest.xml:23:9-33
53    <uses-feature
53-->[:geckoview-armeabi-v7a-80.0.20200818235255:] AndroidManifest.xml:24:5-26:36
54        android:name="android.hardware.location.gps"
54-->[:geckoview-armeabi-v7a-80.0.20200818235255:] AndroidManifest.xml:25:9-53
55        android:required="false" />
55-->[:geckoview-armeabi-v7a-80.0.20200818235255:] AndroidManifest.xml:26:9-33
56    <uses-feature
56-->[:geckoview-armeabi-v7a-80.0.20200818235255:] AndroidManifest.xml:30:5-32:36
57        android:name="android.hardware.camera"
57-->[:geckoview-armeabi-v7a-80.0.20200818235255:] AndroidManifest.xml:31:9-47
58        android:required="false" />
58-->[:geckoview-armeabi-v7a-80.0.20200818235255:] AndroidManifest.xml:32:9-33
59    <uses-feature
59-->[:geckoview-armeabi-v7a-80.0.20200818235255:] AndroidManifest.xml:33:5-35:36
60        android:name="android.hardware.camera.autofocus"
60-->[:geckoview-armeabi-v7a-80.0.20200818235255:] AndroidManifest.xml:34:9-57
61        android:required="false" />
61-->[:geckoview-armeabi-v7a-80.0.20200818235255:] AndroidManifest.xml:35:9-33
62    <uses-feature
62-->[:geckoview-armeabi-v7a-80.0.20200818235255:] AndroidManifest.xml:36:5-38:36
63        android:name="android.hardware.audio.low_latency"
63-->[:geckoview-armeabi-v7a-80.0.20200818235255:] AndroidManifest.xml:37:9-58
64        android:required="false" />
64-->[:geckoview-armeabi-v7a-80.0.20200818235255:] AndroidManifest.xml:38:9-33
65    <uses-feature
65-->[:geckoview-armeabi-v7a-80.0.20200818235255:] AndroidManifest.xml:42:5-44:36
66        android:name="android.hardware.camera.any"
66-->[:geckoview-armeabi-v7a-80.0.20200818235255:] AndroidManifest.xml:43:9-51
67        android:required="false" /> <!-- GeckoView requires OpenGL ES 2.0 -->
67-->[:geckoview-armeabi-v7a-80.0.20200818235255:] AndroidManifest.xml:44:9-33
68    <application
68-->src\main\AndroidManifest.xml:5:3-116
69        android:allowBackup="false"
69-->[:unityLibrary] AndroidManifest.xml:42:9-36
70        android:extractNativeLibs="true"
70-->src\main\AndroidManifest.xml:5:16-48
71        android:icon="@mipmap/app_icon"
71-->src\main\AndroidManifest.xml:5:82-113
72        android:label="@string/app_name"
72-->src\main\AndroidManifest.xml:5:49-81
73        android:networkSecurityConfig="@xml/network_sec_config" >
73-->[:unityLibrary] AndroidManifest.xml:45:9-64
74        <activity
74-->[:unityLibrary] AndroidManifest.xml:46:9-70:20
75            android:name="com.unity3d.player.UnityPlayerActivity"
75-->[:unityLibrary] AndroidManifest.xml:47:13-66
76            android:configChanges="keyboard|keyboardHidden|navigation|orientation|screenLayout|screenSize|uiMode|density"
76-->[:unityLibrary] AndroidManifest.xml:48:13-122
77            android:hardwareAccelerated="false"
77-->[:unityLibrary] AndroidManifest.xml:49:13-48
78            android:launchMode="singleTask"
78-->[:unityLibrary] AndroidManifest.xml:50:13-44
79            android:resizeableActivity="false"
79-->[:unityLibrary] AndroidManifest.xml:51:13-47
80            android:screenOrientation="landscape"
80-->[:unityLibrary] AndroidManifest.xml:52:13-50
81            android:theme="@android:style/Theme.Black.NoTitleBar.Fullscreen" >
81-->[:unityLibrary] AndroidManifest.xml:53:13-77
82            <intent-filter>
82-->[:unityLibrary] AndroidManifest.xml:54:13-59:29
83                <action android:name="android.intent.action.MAIN" />
83-->[:unityLibrary] AndroidManifest.xml:55:17-69
83-->[:unityLibrary] AndroidManifest.xml:55:25-66
84
85                <category android:name="com.oculus.intent.category.VR" />
85-->[:unityLibrary] AndroidManifest.xml:57:17-74
85-->[:unityLibrary] AndroidManifest.xml:57:27-71
86                <category android:name="android.intent.category.INFO" />
86-->[:unityLibrary] AndroidManifest.xml:58:17-73
86-->[:unityLibrary] AndroidManifest.xml:58:27-70
87            </intent-filter>
88
89            <meta-data
89-->[:unityLibrary] AndroidManifest.xml:61:13-63:40
90                android:name="unityplayer.UnityActivity"
90-->[:unityLibrary] AndroidManifest.xml:62:17-57
91                android:value="true" />
91-->[:unityLibrary] AndroidManifest.xml:63:17-37
92            <meta-data
92-->[:unityLibrary] AndroidManifest.xml:64:13-66:40
93                android:name="android.notch_support"
93-->[:unityLibrary] AndroidManifest.xml:65:17-53
94                android:value="true" />
94-->[:unityLibrary] AndroidManifest.xml:66:17-37
95            <meta-data
95-->[:unityLibrary] AndroidManifest.xml:67:13-69:40
96                android:name="com.oculus.vr.focusaware"
96-->[:unityLibrary] AndroidManifest.xml:68:17-56
97                android:value="true" />
97-->[:unityLibrary] AndroidManifest.xml:69:17-37
98        </activity>
99
100        <meta-data
100-->[:unityLibrary] AndroidManifest.xml:72:9-74:33
101            android:name="unity.splash-mode"
101-->[:unityLibrary] AndroidManifest.xml:73:13-45
102            android:value="0" />
102-->[:unityLibrary] AndroidManifest.xml:74:13-30
103        <meta-data
103-->[:unityLibrary] AndroidManifest.xml:75:9-77:36
104            android:name="unity.splash-enable"
104-->[:unityLibrary] AndroidManifest.xml:76:13-47
105            android:value="True" />
105-->[:unityLibrary] AndroidManifest.xml:77:13-33
106        <meta-data
106-->[:unityLibrary] AndroidManifest.xml:78:9-80:50
107            android:name="notch.config"
107-->[:unityLibrary] AndroidManifest.xml:79:13-40
108            android:value="portrait|landscape" />
108-->[:unityLibrary] AndroidManifest.xml:80:13-47
109        <meta-data
109-->[:unityLibrary] AndroidManifest.xml:81:9-83:68
110            android:name="unity.build-id"
110-->[:unityLibrary] AndroidManifest.xml:82:13-42
111            android:value="7883c569-ff1f-4a9a-ac08-f553fd470f10" />
111-->[:unityLibrary] AndroidManifest.xml:83:13-65
112        <meta-data
112-->[:unityLibrary] AndroidManifest.xml:84:9-86:39
113            android:name="com.samsung.android.vr.application.mode"
113-->[:unityLibrary] AndroidManifest.xml:85:13-67
114            android:value="vr_only" />
114-->[:unityLibrary] AndroidManifest.xml:86:13-36
115        <meta-data
115-->[:unityLibrary] AndroidManifest.xml:87:9-89:37
116            android:name="com.unity.xr.oculus.LowOverheadMode"
116-->[:unityLibrary] AndroidManifest.xml:88:13-63
117            android:value="false" />
117-->[:unityLibrary] AndroidManifest.xml:89:13-34
118        <meta-data
118-->[:unityLibrary] AndroidManifest.xml:90:9-92:44
119            android:name="com.oculus.supportedDevices"
119-->[:unityLibrary] AndroidManifest.xml:91:13-55
120            android:value="quest|quest2" />
120-->[:unityLibrary] AndroidManifest.xml:92:13-41
121
122        <provider
122-->[:extensions-1.1.1:] AndroidManifest.xml:23:9-27:43
123            android:name="android.arch.lifecycle.ProcessLifecycleOwnerInitializer"
123-->[:extensions-1.1.1:] AndroidManifest.xml:24:13-83
124            android:authorities="com.mindfulness.vr.lifecycle-trojan"
124-->[:extensions-1.1.1:] AndroidManifest.xml:25:13-68
125            android:exported="false"
125-->[:extensions-1.1.1:] AndroidManifest.xml:26:13-37
126            android:multiprocess="true" /> <!-- New child services must also be added to the Fennec AndroidManifest.xml.in -->
126-->[:extensions-1.1.1:] AndroidManifest.xml:27:13-40
127        <service
127-->[:geckoview-armeabi-v7a-80.0.20200818235255:] AndroidManifest.xml:54:9-60:19
128            android:name="org.mozilla.gecko.media.MediaManager"
128-->[:geckoview-armeabi-v7a-80.0.20200818235255:] AndroidManifest.xml:55:13-64
129            android:enabled="true"
129-->[:geckoview-armeabi-v7a-80.0.20200818235255:] AndroidManifest.xml:56:13-35
130            android:exported="false"
130-->[:geckoview-armeabi-v7a-80.0.20200818235255:] AndroidManifest.xml:57:13-37
131            android:isolatedProcess="false"
131-->[:geckoview-armeabi-v7a-80.0.20200818235255:] AndroidManifest.xml:58:13-44
132            android:process=":media" >
132-->[:geckoview-armeabi-v7a-80.0.20200818235255:] AndroidManifest.xml:59:13-37
133        </service>
134        <service
134-->[:geckoview-armeabi-v7a-80.0.20200818235255:] AndroidManifest.xml:61:9-67:19
135            android:name="org.mozilla.gecko.process.GeckoChildProcessServices$gmplugin"
135-->[:geckoview-armeabi-v7a-80.0.20200818235255:] AndroidManifest.xml:62:13-88
136            android:enabled="true"
136-->[:geckoview-armeabi-v7a-80.0.20200818235255:] AndroidManifest.xml:63:13-35
137            android:exported="false"
137-->[:geckoview-armeabi-v7a-80.0.20200818235255:] AndroidManifest.xml:64:13-37
138            android:isolatedProcess="false"
138-->[:geckoview-armeabi-v7a-80.0.20200818235255:] AndroidManifest.xml:65:13-44
139            android:process=":gmplugin" >
139-->[:geckoview-armeabi-v7a-80.0.20200818235255:] AndroidManifest.xml:66:13-40
140        </service>
141        <service
141-->[:geckoview-armeabi-v7a-80.0.20200818235255:] AndroidManifest.xml:68:9-74:19
142            android:name="org.mozilla.gecko.process.GeckoChildProcessServices$tab0"
142-->[:geckoview-armeabi-v7a-80.0.20200818235255:] AndroidManifest.xml:69:13-84
143            android:enabled="true"
143-->[:geckoview-armeabi-v7a-80.0.20200818235255:] AndroidManifest.xml:70:13-35
144            android:exported="false"
144-->[:geckoview-armeabi-v7a-80.0.20200818235255:] AndroidManifest.xml:71:13-37
145            android:isolatedProcess="false"
145-->[:geckoview-armeabi-v7a-80.0.20200818235255:] AndroidManifest.xml:72:13-44
146            android:process=":tab0" >
146-->[:geckoview-armeabi-v7a-80.0.20200818235255:] AndroidManifest.xml:73:13-36
147        </service>
148        <service
148-->[:geckoview-armeabi-v7a-80.0.20200818235255:] AndroidManifest.xml:75:9-81:19
149            android:name="org.mozilla.gecko.process.GeckoChildProcessServices$tab1"
149-->[:geckoview-armeabi-v7a-80.0.20200818235255:] AndroidManifest.xml:76:13-84
150            android:enabled="true"
150-->[:geckoview-armeabi-v7a-80.0.20200818235255:] AndroidManifest.xml:77:13-35
151            android:exported="false"
151-->[:geckoview-armeabi-v7a-80.0.20200818235255:] AndroidManifest.xml:78:13-37
152            android:isolatedProcess="false"
152-->[:geckoview-armeabi-v7a-80.0.20200818235255:] AndroidManifest.xml:79:13-44
153            android:process=":tab1" >
153-->[:geckoview-armeabi-v7a-80.0.20200818235255:] AndroidManifest.xml:80:13-36
154        </service>
155        <service
155-->[:geckoview-armeabi-v7a-80.0.20200818235255:] AndroidManifest.xml:82:9-88:19
156            android:name="org.mozilla.gecko.process.GeckoChildProcessServices$tab2"
156-->[:geckoview-armeabi-v7a-80.0.20200818235255:] AndroidManifest.xml:83:13-84
157            android:enabled="true"
157-->[:geckoview-armeabi-v7a-80.0.20200818235255:] AndroidManifest.xml:84:13-35
158            android:exported="false"
158-->[:geckoview-armeabi-v7a-80.0.20200818235255:] AndroidManifest.xml:85:13-37
159            android:isolatedProcess="false"
159-->[:geckoview-armeabi-v7a-80.0.20200818235255:] AndroidManifest.xml:86:13-44
160            android:process=":tab2" >
160-->[:geckoview-armeabi-v7a-80.0.20200818235255:] AndroidManifest.xml:87:13-36
161        </service>
162        <service
162-->[:geckoview-armeabi-v7a-80.0.20200818235255:] AndroidManifest.xml:89:9-95:19
163            android:name="org.mozilla.gecko.process.GeckoChildProcessServices$socket"
163-->[:geckoview-armeabi-v7a-80.0.20200818235255:] AndroidManifest.xml:90:13-86
164            android:enabled="true"
164-->[:geckoview-armeabi-v7a-80.0.20200818235255:] AndroidManifest.xml:91:13-35
165            android:exported="false"
165-->[:geckoview-armeabi-v7a-80.0.20200818235255:] AndroidManifest.xml:92:13-37
166            android:isolatedProcess="false"
166-->[:geckoview-armeabi-v7a-80.0.20200818235255:] AndroidManifest.xml:93:13-44
167            android:process=":socket" >
167-->[:geckoview-armeabi-v7a-80.0.20200818235255:] AndroidManifest.xml:94:13-38
168        </service>
169        <service
169-->[:geckoview-armeabi-v7a-80.0.20200818235255:] AndroidManifest.xml:96:9-101:19
170            android:name="org.mozilla.gecko.gfx.SurfaceAllocatorService"
170-->[:geckoview-armeabi-v7a-80.0.20200818235255:] AndroidManifest.xml:97:13-73
171            android:enabled="true"
171-->[:geckoview-armeabi-v7a-80.0.20200818235255:] AndroidManifest.xml:98:13-35
172            android:exported="false"
172-->[:geckoview-armeabi-v7a-80.0.20200818235255:] AndroidManifest.xml:99:13-37
173            android:isolatedProcess="false" >
173-->[:geckoview-armeabi-v7a-80.0.20200818235255:] AndroidManifest.xml:100:13-44
174        </service>
175    </application>
176
177</manifest>